<?xml version="1.0" encoding="UTF-8"?>
<!-- Generated by org.testng.reporters.JUnitReportReporter -->
<testsuite hostname="LAPTOP-EP1MS469" failures="0" tests="1" name="scripts.InvalidLogin" time="6.078" errors="0" timestamp="2021-12-23T20:32:52 CST" skipped="0">
  <testcase classname="scripts.InvalidLogin" name="testInvalidLogin" time="6.078"/>
  <system-out/>
</testsuite> <!-- scripts.InvalidLogin -->
